<?xml version="1.0" encoding="utf-8"?><testsuites name="pytest tests"><testsuite name="pytest" errors="0" failures="0" skipped="0" tests="13" time="2.006" timestamp="2026-09-18T22:18:10.446793+05:30" hostname="Akshat"><testcase classname="services.document.test_document" name="test_native_path" time="0.108" /><testcase classname="services.document.test_document" name="test_malformed_encrypted_oversized" time="0.027" /><testcase classname="services.document.test_document" name="test_page_and_pixel_limits" time="0.015" /><testcase classname="services.document.test_document" name="test_rotated_coordinate_mapping_against_display_render[0]" time="0.030" /><testcase classname="services.document.test_document" name="test_rotated_coordinate_mapping_against_display_render[90]" time="0.028" /><testcase classname="services.document.test_document" name="test_rotated_coordinate_mapping_against_display_render[180]" time="0.026" /><testcase classname="services.document.test_document" name="test_rotated_coordinate_mapping_against_display_render[270]" time="0.026" /><testcase classname="services.document.test_document" name="test_scanned_page_real_tesseract" time="0.589" /><testcase classname="services.document.test_document" name="test_ocr_timeout" time="0.048" /><testcase classname="services.document.test_document" name="test_internal_auth_and_parser_timeout" time="0.526" /><testcase classname="services.document.test_document" name="test_embedded_instructions_only_extracted_as_text" time="0.018" /><testcase classname="services.document.test_document" name="test_cancellation_tombstone_prevents_late_processing" time="0.007" /><testcase classname="services.document.test_document" name="test_cancel_active_parser_waits_for_temp_cleanup" time="0.061" /></testsuite></testsuites>